<?xml version="1.0" encoding="UTF-8"?>
<!-- Generated by org.testng.reporters.JUnitReportReporter -->
<testsuite skipped="0" hostname="DESKTOP-6LH8FQ7" name="com.samrat.OrangeHRMAutomation.Test.LoginTest" tests="2" failures="0" timestamp="2020-10-24T17:14:05 BDT" time="14.689" errors="0">
  <testcase name="checkLoginTitle" time="8.218" classname="com.samrat.OrangeHRMAutomation.Test.LoginTest"/>
  <system-out/>
  <testcase name="loginTest" time="6.471" classname="com.samrat.OrangeHRMAutomation.Test.LoginTest"/>
  <system-out/>
</testsuite> <!-- com.samrat.OrangeHRMAutomation.Test.LoginTest -->
