<?xml version="1.0" encoding="UTF-8"?>
<!-- Generated by org.testng.reporters.JUnitReportReporter -->
<testsuite skipped="0" hostname="DESKTOP-6LH8FQ7" name="com.samrat.OrangeHRMAutomation.Test.LoginTest" tests="2" failures="0" timestamp="2020-10-23T04:30:40 BDT" time="17.052" errors="0">
  <testcase name="checkLoginTitle" time="10.167" classname="com.samrat.OrangeHRMAutomation.Test.LoginTest"/>
  <system-out/>
  <testcase name="loginTest" time="6.885" classname="com.samrat.OrangeHRMAutomation.Test.LoginTest"/>
  <system-out/>
</testsuite> <!-- com.samrat.OrangeHRMAutomation.Test.LoginTest -->
