<?xml version="1.0" encoding="UTF-8"?>
<!-- Generated by org.testng.reporters.JUnitReportReporter -->
<testsuite skipped="0" hostname="DESKTOP-6LH8FQ7" name="com.samrat.OrangeHRMAutomation.Test.AssignLeaveTest" tests="2" failures="0" timestamp="2020-10-23T04:30:40 BDT" time="6.542" errors="0">
  <testcase name="assignLeaveTest" time="4.031" classname="com.samrat.OrangeHRMAutomation.Test.AssignLeaveTest"/>
  <system-out/>
  <testcase name="clickAssignLeave" time="2.511" classname="com.samrat.OrangeHRMAutomation.Test.AssignLeaveTest"/>
  <system-out/>
</testsuite> <!-- com.samrat.OrangeHRMAutomation.Test.AssignLeaveTest -->
